<?xml version="1.0" encoding="UTF-8"?>
<testsuite name="com.jkmcllc.pairaws.AppTest" tests="1" skipped="0" failures="0" errors="0" timestamp="2021-10-09T20:37:27" hostname="DESKTOP-RCL7IAH" time="0.434">
  <properties/>
  <testcase name="successfulResponse" classname="com.jkmcllc.pairaws.AppTest" time="0.434"/>
  <system-out><![CDATA[]]></system-out>
  <system-err><![CDATA[]]></system-err>
</testsuite>
